2025-06-08 17:48:46,715 - app - INFO - Health check requested
2025-06-08 17:48:46,768 - app - INFO - Fetching economic data for country: KE
2025-06-08 17:48:48,810 - app - INFO - Fetching African capitals
2025-06-08 17:48:50,379 - httpx - INFO - HTTP Request: GET https://api.worldbank.org/v2/country/KE/indicator/NY.GDP.MKTP.CD?format=json&per_page=1&mrnev=1 "HTTP/1.1 200 OK"
2025-06-08 17:48:51,601 - httpx - INFO - HTTP Request: GET https://restcountries.com/v3.1/region/africa "HTTP/1.1 200 OK"
2025-06-08 17:48:52,508 - app - INFO - Fetching economic data for country: NG
2025-06-08 17:48:53,521 - app - INFO - Fetching economic data for country: ZA
2025-06-08 17:48:55,387 - httpx - INFO - HTTP Request: GET https://api.worldbank.org/v2/country/ZA/indicator/NY.GDP.MKTP.CD?format=json&per_page=1&mrnev=1 "HTTP/1.1 200 OK"
2025-06-08 17:48:55,397 - httpx - INFO - HTTP Request: GET https://api.worldbank.org/v2/country/NG/indicator/NY.GDP.MKTP.CD?format=json&per_page=1&mrnev=1 "HTTP/1.1 200 OK"
2025-06-08 17:48:55,441 - app - INFO - Fetching map data for country: KE
2025-06-08 17:48:57,472 - app - INFO - Fetching economic data for country: EG
2025-06-08 17:48:58,474 - app - INFO - Fetching map data for country: NG
2025-06-08 17:48:59,451 - httpx - INFO - HTTP Request: GET https://api.worldbank.org/v2/country/EG/indicator/NY.GDP.MKTP.CD?format=json&per_page=1&mrnev=1 "HTTP/1.1 200 OK"
2025-06-08 17:48:59,491 - app - INFO - Fetching country profile for: KE
2025-06-08 17:49:02,413 - app - INFO - Fetching map data for country: ZA
2025-06-08 17:49:02,943 - httpx - INFO - HTTP Request: GET https://api.worldbank.org/v2/country/KE/indicator/NY.GDP.MKTP.CD?format=json&per_page=1&mrnev=1 "HTTP/1.1 200 OK"
2025-06-08 17:49:02,966 - app - INFO - Fetching country profile for: ZA
2025-06-08 17:49:05,165 - app - INFO - Fetching country profile for: NG
2025-06-08 17:49:06,759 - httpx - INFO - HTTP Request: GET https://api.worldbank.org/v2/country/ZA/indicator/NY.GDP.MKTP.CD?format=json&per_page=1&mrnev=1 "HTTP/1.1 200 OK"
2025-06-08 17:49:06,767 - httpx - INFO - HTTP Request: GET https://api.worldbank.org/v2/country/NG/indicator/NY.GDP.MKTP.CD?format=json&per_page=1&mrnev=1 "HTTP/1.1 200 OK"
2025-06-08 17:49:08,973 - app - INFO - Fetching country profile for: EG
2025-06-08 17:49:10,656 - httpx - INFO - HTTP Request: GET https://api.worldbank.org/v2/country/EG/indicator/NY.GDP.MKTP.CD?format=json&per_page=1&mrnev=1 "HTTP/1.1 200 OK"
